<?xml version="1.0" encoding="UTF-8"?>
<testsuite name="RentalAppTest" tests="1" skipped="0" failures="0" errors="0" timestamp="2023-08-14T18:53:48" hostname="Seans-Air.attlocal.net" time="0.046">
  <properties/>
  <testcase name="test()" classname="RentalAppTest" time="0.046"/>
  <system-out><![CDATA[]]></system-out>
  <system-err><![CDATA[]]></system-err>
</testsuite>
