<?xml version="1.0" encoding="UTF-8"?>
<testsuite name="RentalAppTest" tests="6" skipped="0" failures="0" errors="0" timestamp="2023-08-15T17:36:27" hostname="Seans-Air.attlocal.net" time="0.113">
  <properties/>
  <testcase name="Test_1()" classname="RentalAppTest" time="0.026"/>
  <testcase name="Test_2()" classname="RentalAppTest" time="0.06"/>
  <testcase name="Test_3()" classname="RentalAppTest" time="0.004"/>
  <testcase name="Test_4()" classname="RentalAppTest" time="0.003"/>
  <testcase name="Test_5()" classname="RentalAppTest" time="0.005"/>
  <testcase name="Test_6()" classname="RentalAppTest" time="0.003"/>
  <system-out><![CDATA[The discount percent you've entered: 101
 Please enter a discount percent between 0 and 100
Rental Agreement
 Tool code: LADW
 Tool type: LADDER
 Tool brand: WERNER
 Rental days: 3
 Checkout date: 07/02/2020
 Due date: 07/05/2020
 Daily Rental Charge: $1.49
 Charge days: 2
 Pre Discount Charge: $2.98
 Discount Percent: 10%
 Discount Amount: $0.30
 Final Charge: $2.68
Rental Agreement
 Tool code: CHNS
 Tool type: CHAINSAW
 Tool brand: STIHL
 Rental days: 5
 Checkout date: 07/02/2015
 Due date: 07/07/2015
 Daily Rental Charge: $1.99
 Charge days: 3
 Pre Discount Charge: $5.97
 Discount Percent: 25%
 Discount Amount: $1.49
 Final Charge: $4.48
Rental Agreement
 Tool code: JAKD
 Tool type: JACKHAMMER
 Tool brand: DEWALT
 Rental days: 6
 Checkout date: 09/03/2015
 Due date: 09/09/2015
 Daily Rental Charge: $2.99
 Charge days: 3
 Pre Discount Charge: $8.97
 Discount Percent: 0%
 Discount Amount: $0.00
 Final Charge: $8.97
Rental Agreement
 Tool code: JAKR
 Tool type: JACKHAMMER
 Tool brand: RIDGID
 Rental days: 9
 Checkout date: 07/02/2015
 Due date: 07/11/2015
 Daily Rental Charge: $2.99
 Charge days: 5
 Pre Discount Charge: $14.95
 Discount Percent: 0%
 Discount Amount: $0.00
 Final Charge: $14.95
Rental Agreement
 Tool code: JAKR
 Tool type: JACKHAMMER
 Tool brand: RIDGID
 Rental days: 4
 Checkout date: 07/02/2020
 Due date: 07/06/2020
 Daily Rental Charge: $2.99
 Charge days: 1
 Pre Discount Charge: $2.99
 Discount Percent: 50%
 Discount Amount: $1.50
 Final Charge: $1.50
]]></system-out>
  <system-err><![CDATA[]]></system-err>
</testsuite>
